  Error.cpp
E:\3 семестр\КПО\RPV-2024\RPV-2024\RPV-2024\LA.h(374,26): warning C4305: инициализация: усечение из "int" в "char"
  (компиляция исходного файла "Error.cpp")
  
E:\3 семестр\КПО\RPV-2024\RPV-2024\RPV-2024\LA.h(374,27): warning C4309: инициализация: усечение константного значения
  (компиляция исходного файла "Error.cpp")
  
  FST.cpp
E:\3 семестр\КПО\RPV-2024\RPV-2024\RPV-2024\LA.h(374,26): warning C4305: инициализация: усечение из "int" в "char"
  (компиляция исходного файла "FST.cpp")
  
E:\3 семестр\КПО\RPV-2024\RPV-2024\RPV-2024\LA.h(374,27): warning C4309: инициализация: усечение константного значения
  (компиляция исходного файла "FST.cpp")
  
E:\3 семестр\КПО\RPV-2024\RPV-2024\RPV-2024\FST.cpp(62,16): warning C4267: инициализация: преобразование из "size_t" в "short"; возможна потеря данных
  GenerateJS.cpp
E:\3 семестр\КПО\RPV-2024\RPV-2024\RPV-2024\LA.h(374,26): warning C4305: инициализация: усечение из "int" в "char"
  (компиляция исходного файла "GenerateJS.cpp")
  
E:\3 семестр\КПО\RPV-2024\RPV-2024\RPV-2024\LA.h(374,27): warning C4309: инициализация: усечение константного значения
  (компиляция исходного файла "GenerateJS.cpp")
  
  GRB.cpp
E:\3 семестр\КПО\RPV-2024\RPV-2024\RPV-2024\LA.h(374,26): warning C4305: инициализация: усечение из "int" в "char"
  (компиляция исходного файла "GRB.cpp")
  
E:\3 семестр\КПО\RPV-2024\RPV-2024\RPV-2024\LA.h(374,27): warning C4309: инициализация: усечение константного значения
  (компиляция исходного файла "GRB.cpp")
  
  In.cpp
E:\3 семестр\КПО\RPV-2024\RPV-2024\RPV-2024\LA.h(374,26): warning C4305: инициализация: усечение из "int" в "char"
  (компиляция исходного файла "In.cpp")
  
E:\3 семестр\КПО\RPV-2024\RPV-2024\RPV-2024\LA.h(374,27): warning C4309: инициализация: усечение константного значения
  (компиляция исходного файла "In.cpp")
  
E:\3 семестр\КПО\RPV-2024\RPV-2024\RPV-2024\In.cpp(104,12): warning C4002: слишком много аргументов для вызова макроса, подобного функции, "ERROR_THROW_IN"
E:\3 семестр\КПО\RPV-2024\RPV-2024\RPV-2024\In.cpp(112,12): warning C4002: слишком много аргументов для вызова макроса, подобного функции, "ERROR_THROW_IN"
E:\3 семестр\КПО\RPV-2024\RPV-2024\RPV-2024\In.cpp(7,17): warning C4101: symbol: неиспользованная локальная переменная
  IT.cpp
E:\3 семестр\КПО\RPV-2024\RPV-2024\RPV-2024\LA.h(374,26): warning C4305: инициализация: усечение из "int" в "char"
  (компиляция исходного файла "IT.cpp")
  
E:\3 семестр\КПО\RPV-2024\RPV-2024\RPV-2024\LA.h(374,27): warning C4309: инициализация: усечение константного значения
  (компиляция исходного файла "IT.cpp")
  
  LA.cpp
E:\3 семестр\КПО\RPV-2024\RPV-2024\RPV-2024\LA.h(374,26): warning C4305: инициализация: усечение из "int" в "char"
  (компиляция исходного файла "LA.cpp")
  
E:\3 семестр\КПО\RPV-2024\RPV-2024\RPV-2024\LA.h(374,27): warning C4309: инициализация: усечение константного значения
  (компиляция исходного файла "LA.cpp")
  
E:\3 семестр\КПО\RPV-2024\RPV-2024\RPV-2024\LA.cpp(88,30): warning C4305: аргумент: усечение из "int" в "char"
E:\3 семестр\КПО\RPV-2024\RPV-2024\RPV-2024\LA.cpp(88,30): warning C4309: аргумент: усечение константного значения
E:\3 семестр\КПО\RPV-2024\RPV-2024\RPV-2024\LA.cpp(107,16): warning C4302: приведение типов: усечение из "const char *" к "char"
E:\3 семестр\КПО\RPV-2024\RPV-2024\RPV-2024\LA.cpp(425,26): warning C4305: инициализация: усечение из "int" в "char"
E:\3 семестр\КПО\RPV-2024\RPV-2024\RPV-2024\LA.cpp(425,27): warning C4309: инициализация: усечение константного значения
  Log.cpp
E:\3 семестр\КПО\RPV-2024\RPV-2024\RPV-2024\LA.h(374,26): warning C4305: инициализация: усечение из "int" в "char"
  (компиляция исходного файла "Log.cpp")
  
E:\3 семестр\КПО\RPV-2024\RPV-2024\RPV-2024\LA.h(374,27): warning C4309: инициализация: усечение константного значения
  (компиляция исходного файла "Log.cpp")
  
  LT.cpp
E:\3 семестр\КПО\RPV-2024\RPV-2024\RPV-2024\LA.h(374,26): warning C4305: инициализация: усечение из "int" в "char"
  (компиляция исходного файла "LT.cpp")
  
E:\3 семестр\КПО\RPV-2024\RPV-2024\RPV-2024\LA.h(374,27): warning C4309: инициализация: усечение константного значения
  (компиляция исходного файла "LT.cpp")
  
  Main.cpp
E:\3 семестр\КПО\RPV-2024\RPV-2024\RPV-2024\LA.h(374,26): warning C4305: инициализация: усечение из "int" в "char"
  (компиляция исходного файла "Main.cpp")
  
E:\3 семестр\КПО\RPV-2024\RPV-2024\RPV-2024\LA.h(374,27): warning C4309: инициализация: усечение константного значения
  (компиляция исходного файла "Main.cpp")
  
E:\3 семестр\КПО\RPV-2024\RPV-2024\RPV-2024\Main.cpp(22,5): warning C4102: Log: неиспользованная метка
  MFST.cpp
E:\3 семестр\КПО\RPV-2024\RPV-2024\RPV-2024\LA.h(374,26): warning C4305: инициализация: усечение из "int" в "char"
  (компиляция исходного файла "MFST.cpp")
  
E:\3 семестр\КПО\RPV-2024\RPV-2024\RPV-2024\LA.h(374,27): warning C4309: инициализация: усечение константного значения
  (компиляция исходного файла "MFST.cpp")
  
E:\3 семестр\КПО\RPV-2024\RPV-2024\RPV-2024\MFST.cpp(250,66): warning C4267: =: преобразование из "size_t" в "short"; возможна потеря данных
  Out.cpp
E:\3 семестр\КПО\RPV-2024\RPV-2024\RPV-2024\LA.h(374,26): warning C4305: инициализация: усечение из "int" в "char"
  (компиляция исходного файла "Out.cpp")
  
E:\3 семестр\КПО\RPV-2024\RPV-2024\RPV-2024\LA.h(374,27): warning C4309: инициализация: усечение константного значения
  (компиляция исходного файла "Out.cpp")
  
  Parm.cpp
E:\3 семестр\КПО\RPV-2024\RPV-2024\RPV-2024\LA.h(374,26): warning C4305: инициализация: усечение из "int" в "char"
  (компиляция исходного файла "Parm.cpp")
  
E:\3 семестр\КПО\RPV-2024\RPV-2024\RPV-2024\LA.h(374,27): warning C4309: инициализация: усечение константного значения
  (компиляция исходного файла "Parm.cpp")
  
  SA.cpp
E:\3 семестр\КПО\RPV-2024\RPV-2024\RPV-2024\LA.h(374,26): warning C4305: инициализация: усечение из "int" в "char"
  (компиляция исходного файла "SA.cpp")
  
E:\3 семестр\КПО\RPV-2024\RPV-2024\RPV-2024\LA.h(374,27): warning C4309: инициализация: усечение константного значения
  (компиляция исходного файла "SA.cpp")
  
E:\3 семестр\КПО\RPV-2024\RPV-2024\RPV-2024\SA.cpp(74,6): warning C4101: nPar: неиспользованная локальная переменная
  Создание кода...
  RPV-2024.vcxproj -> E:\3 семестр\КПО\RPV-2024\RPV-2024\x64\Debug\RPV-2024.exe
